<?xml version="1.0" encoding="UTF-8"?>
<testsuite xmlns:xsi="http://www.w3.org/2001/XMLSchema-instance" xsi:noNamespaceSchemaLocation="https://maven.apache.org/surefire/maven-surefire-plugin/xsd/surefire-test-report-3.0.xsd" version="3.0" name="com.bezkoder.springjwt.SpringBootSecurityJwtApplicationTests" time="28.575" tests="1" errors="0" skipped="0" failures="0">
  <properties>
[...]
</properties>
  <testcase name="contextLoads" classname="com.bezkoder.springjwt.SpringBootSecurityJwtApplicationTests" time="2.044">
    <system-out><![CDATA[10:13:10.430 [main] INFO org.springframework.test.context.support.AnnotationConfigContextLoaderUtils -- Could not detect default configuration classes for test class [com.bezkoder.springjwt.SpringBootSecurityJwtApplicationTests]: SpringBootSecurityJwtApplicationTests does not declare any static, non-private, non-final, nested classes annotated with @Configuration.
10:13:11.188 [main] INFO org.springframework.boot.test.context.SpringBootTestContextBootstrapper -- Found @SpringBootConfiguration com.bezkoder.springjwt.SpringBootSecurityJwtApplication for test class com.bezkoder.springjwt.SpringBootSecurityJwtApplicationTests

  .   ____          _            __ _ _
 /\\ / ___'_ __ _ _(_)_ __  __ _ \ \ \ \
( ( )\___ | '_ | '_| | '_ \/ _` | \ \ \ \
 \\/  ___)| |_)| | | | | || (_| |  ) ) ) )
  '  |____| .__|_| |_|_| |_\__, | / / / /
 =========|_|==============|___/=/_/_/_/
 :: Spring Boot ::                (v3.1.0)

2024-05-11T10:13:14.765+02:00  INFO 468 --- [           main] .s.SpringBootSecurityJwtApplicationTests : Starting SpringBootSecurityJwtApplicationTests using Java 17.0.8 with PID 468 (started by LENOVO in C:\Users\LENOVO\Downloads\spring-boot-spring-security-jwt-authentication@\spring-boot-spring-security-jwt-authentication-master)
2024-05-11T10:13:14.773+02:00  INFO 468 --- [           main] .s.SpringBootSecurityJwtApplicationTests : No active profile set, falling back to 1 default profile: "default"
2024-05-11T10:13:19.546+02:00  INFO 468 --- [           main] .s.d.r.c.RepositoryConfigurationDelegate : Bootstrapping Spring Data JPA repositories in DEFAULT mode.
2024-05-11T10:13:20.120+02:00  INFO 468 --- [           main] .s.d.r.c.RepositoryConfigurationDelegate : Finished Spring Data repository scanning in 528 ms. Found 2 JPA repository interfaces.
2024-05-11T10:13:22.812+02:00  INFO 468 --- [           main] o.hibernate.jpa.internal.util.LogHelper  : HHH000204: Processing PersistenceUnitInfo [name: default]
2024-05-11T10:13:23.124+02:00  INFO 468 --- [           main] org.hibernate.Version                    : HHH000412: Hibernate ORM core version 6.2.2.Final
2024-05-11T10:13:23.132+02:00  INFO 468 --- [           main] org.hibernate.cfg.Environment            : HHH000406: Using bytecode reflection optimizer
2024-05-11T10:13:24.118+02:00  INFO 468 --- [           main] o.h.b.i.BytecodeProviderInitiator        : HHH000021: Bytecode provider name : bytebuddy
2024-05-11T10:13:24.849+02:00  INFO 468 --- [           main] o.s.o.j.p.SpringPersistenceUnitInfo      : No LoadTimeWeaver setup: ignoring JPA class transformer
2024-05-11T10:13:24.925+02:00  INFO 468 --- [           main] com.zaxxer.hikari.HikariDataSource       : HikariPool-1 - Starting...
2024-05-11T10:13:25.859+02:00  INFO 468 --- [           main] com.zaxxer.hikari.pool.HikariPool        : HikariPool-1 - Added connection com.mysql.cj.jdbc.ConnectionImpl@7196a8f1
2024-05-11T10:13:25.868+02:00  INFO 468 --- [           main] com.zaxxer.hikari.HikariDataSource       : HikariPool-1 - Start completed.
2024-05-11T10:13:26.079+02:00  WARN 468 --- [           main] org.hibernate.dialect.Dialect            : HHH000511: The 5.5.0 version for [org.hibernate.dialect.MySQLDialect] is no longer supported, hence certain features may not work properly. The minimum supported version is 5.7.0. Check the community dialects project for available legacy versions.
2024-05-11T10:13:26.098+02:00  INFO 468 --- [           main] org.hibernate.orm.dialect                : HHH035001: Using dialect: org.hibernate.dialect.MySQLDialect, version: 5.5
2024-05-11T10:13:27.219+02:00  INFO 468 --- [           main] o.h.b.i.BytecodeProviderInitiator        : HHH000021: Bytecode provider name : bytebuddy
2024-05-11T10:13:30.197+02:00  INFO 468 --- [           main] o.h.e.t.j.p.i.JtaPlatformInitiator       : HHH000490: Using JtaPlatform implementation: [org.hibernate.engine.transaction.jta.platform.internal.NoJtaPlatform]
2024-05-11T10:13:30.959+02:00  INFO 468 --- [           main] j.LocalContainerEntityManagerFactoryBean : Initialized JPA EntityManagerFactory for persistence unit 'default'
2024-05-11T10:13:33.154+02:00  WARN 468 --- [           main] JpaBaseConfiguration$JpaWebConfiguration : spring.jpa.open-in-view is enabled by default. Therefore, database queries may be performed during view rendering. Explicitly configure spring.jpa.open-in-view to disable this warning
2024-05-11T10:13:34.609+02:00  INFO 468 --- [           main] o.s.s.web.DefaultSecurityFilterChain     : Will secure any request with [org.springframework.security.web.session.DisableEncodeUrlFilter@2e590e36, org.springframework.security.web.context.request.async.WebAsyncManagerIntegrationFilter@3fc2a1d1, org.springframework.security.web.context.SecurityContextHolderFilter@27e656e6, org.springframework.security.web.header.HeaderWriterFilter@c8ed958, org.springframework.security.web.authentication.logout.LogoutFilter@7e24a2e2, com.bezkoder.springjwt.security.jwt.AuthTokenFilter@b9c9bf5, org.springframework.security.web.savedrequest.RequestCacheAwareFilter@6b6fde93, org.springframework.security.web.servletapi.SecurityContextHolderAwareRequestFilter@51d34f02, org.springframework.security.web.authentication.AnonymousAuthenticationFilter@752e4223, org.springframework.security.web.session.SessionManagementFilter@543c887, org.springframework.security.web.access.ExceptionTranslationFilter@151f1734, org.springframework.security.web.access.intercept.AuthorizationFilter@470ad01c]
2024-05-11T10:13:36.069+02:00  INFO 468 --- [           main] .s.SpringBootSecurityJwtApplicationTests : Started SpringBootSecurityJwtApplicationTests in 24.115 seconds (process running for 28.822)
]]></system-out>
  </testcase>
</testsuite>